<?xml version="1.0" encoding="UTF-8" standalone="no"?>
<testsuite failures="0" name="cucumber.runtime.formatter.JUnitFormatter" skipped="0" tests="1" time="37.628499">
    <testcase classname="To validate the account creation of Amazon application" name="To create a new account" time="37.628499">
        <system-out><![CDATA[Given To launch the browser and maximize the window.........................passed
When To launch url of amazon application....................................passed
And To click the signin button..............................................passed
And To click the create new account.........................................passed
And To pass the firstname in the name textbox...............................passed
And To pass the mobileno or email in the email textbox......................passed
And To create new password using new password textbox.......................passed
Then To close the Chrome browser............................................passed
]]></system-out>
    </testcase>
</testsuite>
